<?xml version="1.0" encoding="UTF-8"?>
<!-- Generated by org.testng.reporters.JUnitReportReporter -->
<testsuite hostname="abdulraheemPC" failures="0" tests="9" name="hello" time="0.337" errors="0" timestamp="2025-04-24T21:10:53 EET" skipped="8">
  <testcase classname="hello" name="TableTest" time="0.337"/>
  <testcase classname="hello" name="CheckBoxTest">
    <skipped/>
  </testcase> <!-- CheckBoxTest -->
  <testcase classname="hello" name="Switch_Tab_Example">
    <skipped/>
  </testcase> <!-- Switch_Tab_Example -->
  <testcase classname="hello" name="AlertTest">
    <skipped/>
  </testcase> <!-- AlertTest -->
  <testcase classname="hello" name="SelectTag">
    <skipped/>
  </testcase> <!-- SelectTag -->
  <testcase classname="hello" name="autoCompleteTest">
    <skipped/>
  </testcase> <!-- autoCompleteTest -->
  <testcase classname="hello" name="Window_Example">
    <skipped/>
  </testcase> <!-- Window_Example -->
  <testcase classname="hello" name="RadioButton">
    <skipped/>
  </testcase> <!-- RadioButton -->
  <testcase classname="hello" name="ConfirmTest">
    <skipped/>
  </testcase> <!-- ConfirmTest -->
</testsuite> <!-- hello -->
