<?xml version="1.0" encoding="UTF-8"?>
<!-- Generated by org.testng.reporters.JUnitReportReporter -->
<testsuite hostname="abdulraheemPC" failures="0" tests="6" name="myTest" time="0.831" errors="0" timestamp="2025-04-17T20:48:08 EET" skipped="2">
  <testcase classname="myTest" name="login" time="0.197"/>
  <testcase classname="myTest" name="AddAllItems" time="0.215"/>
  <testcase classname="myTest" name="RemoveAllItems" time="0.342"/>
  <testcase classname="myTest" name="Task" time="0.077"/>
  <testcase classname="myTest" name="Logout">
    <skipped/>
  </testcase> <!-- Logout -->
  <testcase classname="myTest" name="removeItemFromTheCart">
    <skipped/>
  </testcase> <!-- removeItemFromTheCart -->
</testsuite> <!-- myTest -->
