<?xml version="1.0" encoding="UTF-8"?>
<!-- Generated by org.testng.reporters.JUnitReportReporter -->
<testsuite hostname="abdulraheemPC" failures="0" tests="3" name="soso" time="4.426" errors="0" timestamp="2025-04-09T21:02:53 EET" skipped="0">
  <testcase classname="soso" name="login" time="2.227"/>
  <testcase classname="soso" name="addItemToThecart" time="2.088"/>
  <testcase classname="soso" name="removeItemFromTheCart" time="0.111"/>
</testsuite> <!-- soso -->
