<?xml version="1.0" encoding="UTF-8"?>
<!-- Generated by org.testng.reporters.JUnitReportReporter -->
<testsuite hostname="abdulraheemPC" failures="0" tests="3" name="hello" time="2.328" errors="0" timestamp="2025-04-23T21:25:29 EET" skipped="1">
  <testcase classname="hello" name="SelectTag" time="0.118"/>
  <testcase classname="hello" name="CheckBoxTest" time="2.210"/>
  <testcase classname="hello" name="autoCompleteTest">
    <skipped/>
  </testcase> <!-- autoCompleteTest -->
</testsuite> <!-- hello -->
